<?xml version="1.0" encoding="UTF-8"?>
<TestRun id="4d1bc26b-77bf-438d-baf6-89f8d7ebac24" name="Gi@GIPC 2012-10-08 19:10:49" runUser="GiPC\Gi" xmlns="http://microsoft.com/schemas/VisualStudio/TeamTest/2010">
  <TestSettings name="Paramètres de test par défaut" id="14d32915-02a7-4e62-81e8-d2048a9e4390">
    <Deployment runDeploymentRoot="Gi_GIPC 2012-10-08 19_10_49">
      <DeploymentItem filename="C:\Users\Gi\Documents\GitHub\WIS\packages\EntityFramework.5.0.0\lib\net40\EntityFramework.dll" />
      <DeploymentItem filename="C:\Users\Gi\Documents\GitHub\WIS\WIS\bin\WIS.dll" />
      <DeploymentItem filename="C:\Users\Gi\Documents\GitHub\WIS\packages\Microsoft.Net.Http.2.0.20710.0\lib\net40\System.Net.Http.dll" />
      <DeploymentItem filename="C:\Users\Gi\Documents\GitHub\WIS\packages\Microsoft.AspNet.Razor.2.0.20710.0\lib\net40\System.Web.Razor.dll" />
      <DeploymentItem filename="C:\Users\Gi\Documents\GitHub\WIS\packages\Microsoft.AspNet.Web.Optimization.1.0.0\lib\net40\System.Web.Optimization.dll" />
      <DeploymentItem filename="C:\Users\Gi\Documents\GitHub\WIS\packages\Microsoft.Net.Http.2.0.20710.0\lib\net40\System.Net.Http.WebRequest.dll" />
      <DeploymentItem filename="C:\Users\Gi\Documents\GitHub\WIS\packages\Microsoft.AspNet.Providers.Core.1.1\lib\net40\System.Web.Providers.dll" />
      <DeploymentItem filename="C:\Users\Gi\Documents\GitHub\WIS\packages\Microsoft.AspNet.WebPages.2.0.20710.0\lib\net40\System.Web.WebPages.Deployment.dll" />
      <DeploymentItem filename="C:\Users\Gi\Documents\GitHub\WIS\packages\Microsoft.AspNet.Mvc.4.0.20710.0\lib\net40\System.Web.Mvc.dll" />
      <DeploymentItem filename="C:\Users\Gi\Documents\GitHub\WIS\packages\Microsoft.AspNet.WebApi.WebHost.4.0.20710.0\lib\net40\System.Web.Http.WebHost.dll" />
      <DeploymentItem filename="C:\Users\Gi\Documents\GitHub\WIS\packages\WebGrease.1.1.0\lib\WebGrease.dll" />
      <DeploymentItem filename="C:\Users\Gi\Documents\GitHub\WIS\packages\Microsoft.AspNet.WebApi.Client.4.0.20710.0\lib\net40\System.Net.Http.Formatting.dll" />
      <DeploymentItem filename="C:\Users\Gi\Documents\GitHub\WIS\packages\Microsoft.AspNet.WebPages.2.0.20710.0\lib\net40\System.Web.WebPages.dll" />
      <DeploymentItem filename="C:\Users\Gi\Documents\GitHub\WIS\packages\Microsoft.AspNet.WebApi.Core.4.0.20710.0\lib\net40\System.Web.Http.dll" />
      <DeploymentItem filename="C:\Users\Gi\Documents\GitHub\WIS\packages\Newtonsoft.Json.4.5.6\lib\net40\Newtonsoft.Json.dll" />
      <DeploymentItem filename="C:\Users\Gi\Documents\GitHub\WIS\packages\Microsoft.AspNet.WebPages.2.0.20710.0\lib\net40\System.Web.Helpers.dll" />
      <DeploymentItem filename="C:\Users\Gi\Documents\GitHub\WIS\packages\WebGrease.1.1.0\lib\Antlr3.Runtime.dll" />
      <DeploymentItem filename="C:\Users\Gi\Documents\GitHub\WIS\packages\Microsoft.AspNet.WebPages.2.0.20710.0\lib\net40\System.Web.WebPages.Razor.dll" />
      <DeploymentItem filename="C:\Users\Gi\Documents\GitHub\WIS\packages\Microsoft.Web.Infrastructure.1.0.0.0\lib\net40\Microsoft.Web.Infrastructure.dll" />
    </Deployment>
    <Execution>
      <TestTypeSpecific />
      <AgentRule name="Execution Agents">
      </AgentRule>
    </Execution>
  </TestSettings>
  <Times creation="2012-10-08T19:10:49.4072265+02:00" queuing="2012-10-08T19:10:50.0830078+02:00" start="2012-10-08T19:10:50.5761718+02:00" finish="2012-10-08T19:10:51.7841797+02:00" />
  <ResultSummary outcome="Completed">
    <Counters total="1" executed="1" passed="1" error="0" failed="0" timeout="0" aborted="0" inconclusive="0" passedButRunAborted="0" notRunnable="0" notExecuted="0" disconnected="0" warning="0" completed="0" inProgress="0" pending="0" />
  </ResultSummary>
  <TestDefinitions>
    <UnitTest name="affiche_view_bag" storage="c:\users\gi\documents\github\wis\wis.tests\bin\debug\wis.tests.dll" id="1379cfb1-93d3-d70c-1f7f-9b6ce793a43b">
      <Execution id="af207b80-4e86-4b6a-b17c-12aa519cb513" />
      <TestMethod codeBase="C:/Users/Gi/Documents/GitHub/WIS/WIS.Tests/bin/Debug/WIS.Tests.DLL" adapterTypeName="Microsoft.VisualStudio.TestTools.TestTypes.Unit.UnitTestAdapter, Microsoft.VisualStudio.QualityTools.Tips.UnitTest.Adapter, Version=10.0.0.0, Culture=neutral, PublicKeyToken=b03f5f7f11d50a3a" className="WIS.Tests.HomeControllerTest, WIS.Tests, Version=1.0.0.0, Culture=neutral, PublicKeyToken=null" name="affiche_view_bag" />
    </UnitTest>
  </TestDefinitions>
  <TestLists>
    <TestList name="Les résultats ne figurent pas dans une liste" id="8c84fa94-04c1-424b-9868-57a2d4851a1d" />
    <TestList name="Tous les résultats chargés" id="19431567-8539-422a-85d7-44ee4e166bda" />
  </TestLists>
  <TestEntries>
    <TestEntry testId="1379cfb1-93d3-d70c-1f7f-9b6ce793a43b" executionId="af207b80-4e86-4b6a-b17c-12aa519cb513" testListId="8c84fa94-04c1-424b-9868-57a2d4851a1d" />
  </TestEntries>
  <Results>
    <UnitTestResult executionId="af207b80-4e86-4b6a-b17c-12aa519cb513" testId="1379cfb1-93d3-d70c-1f7f-9b6ce793a43b" testName="affiche_view_bag" computerName="GIPC" duration="00:00:00.4473152" startTime="2012-10-08T19:10:50.7539062+02:00" endTime="2012-10-08T19:10:51.4931640+02:00" testType="13cdc9d9-ddb5-4fa4-a97d-d965ccfc6d4b" outcome="Passed" testListId="8c84fa94-04c1-424b-9868-57a2d4851a1d" relativeResultsDirectory="af207b80-4e86-4b6a-b17c-12aa519cb513">
    </UnitTestResult>
  </Results>
</TestRun>